<?xml version="1.0" encoding="UTF-8"?>
<!-- Generated by org.testng.reporters.JUnitReportReporter -->
<testsuite hostname="DESKTOP-4G6V73A" failures="0" tests="6" name="Tutorial2.EndToEndGitFlow" time="47.205" errors="0" timestamp="2023-01-08T19:21:46 IST" skipped="0">
  <testcase classname="Tutorial2.EndToEndGitFlow" name="postRequest" time="3.707"/>
  <system-out/>
  <testcase classname="Tutorial2.EndToEndGitFlow" name="getRequestAfterPost" time="0.420"/>
  <system-out/>
  <testcase classname="Tutorial2.EndToEndGitFlow" name="patchDemo" time="1.910"/>
  <system-out/>
  <testcase classname="Tutorial2.EndToEndGitFlow" name="getRequestAfterPatch" time="0.360"/>
  <system-out/>
  <testcase classname="Tutorial2.EndToEndGitFlow" name="deleteRequest" time="40.500"/>
  <system-out/>
  <testcase classname="Tutorial2.EndToEndGitFlow" name="getRequestAfterdelete" time="0.308"/>
  <system-out/>
</testsuite> <!-- Tutorial2.EndToEndGitFlow -->
